<?xml version="1.0" encoding="UTF-8"?>
<!-- Generated by org.testng.reporters.JUnitReportReporter -->
<testsuite skipped="0" hostname="LAPTOP" name="Runner.Run1" tests="1" failures="0" timestamp="10 Dec 2019 03:44:18 GMT" time="9.277" errors="0">
  <testcase name="feature" time="9.277" classname="Runner.Run1"/>
</testsuite> <!-- Runner.Run1 -->
